<?xml version="1.0" encoding="UTF-8"?>
<!-- Generated by org.testng.reporters.JUnitXMLReporter -->
<testsuite hostname="Mds-MacBook-Air.local" ignored="10" name="Command line test" tests="93" failures="5" timestamp="29 Mar 2019 04:32:20 GMT" time="1010.607" errors="0">
  <testcase name="testParenting" time="3.903" classname="testcnnhealthpage.TestCnnHealth"/>
  <testcase name="testSetBottomPoliticsCongress" time="10.294" classname="testcnnhealthpage.TestCnnHealth"/>
  <testcase name="testSetBottomWorldAsianews" time="3.024" classname="testcnnhealthpage.TestCnnHealth"/>
  <testcase name="testSetFirstIMG" time="0.137" classname="testcnnhealthpage.TestCnnHealth"/>
  <testcase name="testSetHouseStoris" time="7.85" classname="testcnnhealthpage.TestCnnHealth"/>
  <testcase name="testSetPaidPartnerIMG" time="1.521" classname="testcnnhealthpage.TestCnnHealth"/>
  <testcase name="testSetPopulerSixthTopic" time="0.156" classname="testcnnhealthpage.TestCnnHealth"/>
  <testcase name="testSetStorisSix" time="0.115" classname="testcnnhealthpage.TestCnnHealth"/>
  <testcase name="testSetTopStoris" time="0.197" classname="testcnnhealthpage.TestCnnHealth"/>
  <testcase name="testSetbottomWorldAustralia" time="0.186" classname="testcnnhealthpage.TestCnnHealth"/>
  <testcase name="testFeatureSection" time="2.764" classname="testcnnworld.TestCNNWorld"/>
  <testcase name="testFeatureSection3" time="0.177" classname="testcnnworld.TestCNNWorld"/>
  <testcase name="testFeatureSection4" time="10.086" classname="testcnnworld.TestCNNWorld">
    <failure type="org.openqa.selenium.NoSuchElementException" message="no such element: Unable to locate element: {&amp;quot;method&amp;quot;:&amp;quot;xpath&amp;quot;,&amp;quot;selector&amp;quot;:&amp;quot;//section[@id=&amp;apos;world-zone-3&amp;apos;]/div[6]/div[2]/div/ul/li[6]&amp;quot;}
  (Session info: chrome=73.0.3683.86)
  (Driver info: chromedriver=2.46.628411 (3324f4c8be9ff2f70a05a30ebc72ffb013e1a71e),platform=Mac OS X 10.14.4 x86_64) (WARNING: The server did not provide any stacktrace information)
Command duration or timeout: 0 milliseconds
For documentation on this error, please visit: https://www.seleniumhq.org/exceptions/no_such_element.html
Build info: version: &amp;apos;3.141.59&amp;apos;, revision: &amp;apos;e82be7d358&amp;apos;, time: &amp;apos;2018-11-14T08:17:03&amp;apos;
System info: host: &amp;apos;Mds-MacBook-Air.local&amp;apos;, ip: &amp;apos;fe80:0:0:0:48b:8da:39ba:6af8%en0&amp;apos;, os.name: &amp;apos;Mac OS X&amp;apos;, os.arch: &amp;apos;x86_64&amp;apos;, os.version: &amp;apos;10.14.4&amp;apos;, java.version: &amp;apos;1.8.0_201&amp;apos;
Driver info: org.openqa.selenium.chrome.ChromeDriver
Capabilities {acceptInsecureCerts: false, acceptSslCerts: false, applicationCacheEnabled: false, browserConnectionEnabled: false, browserName: chrome, chrome: {chromedriverVersion: 2.46.628411 (3324f4c8be9ff2..., userDataDir: /var/folders/5r/blxqt3jn7f9...}, cssSelectorsEnabled: true, databaseEnabled: false, goog:chromeOptions: {debuggerAddress: localhost:50126}, handlesAlerts: true, hasTouchScreen: false, javascriptEnabled: true, locationContextEnabled: true, mobileEmulationEnabled: false, nativeEvents: true, networkConnectionEnabled: false, pageLoadStrategy: normal, platform: MAC, platformName: MAC, proxy: Proxy(), rotatable: false, setWindowRect: true, strictFileInteractability: false, takesHeapSnapshot: true, takesScreenshot: true, timeouts: {implicit: 0, pageLoad: 300000, script: 30000}, unexpectedAlertBehaviour: ignore, unhandledPromptBehavior: ignore, version: 73.0.3683.86, webStorageEnabled: true}
Session ID: 074d33ef94d4e3881b0a5ccd7181f1ef
*** Element info: {Using=xpath, value=//section[@id=&amp;apos;world-zone-3&amp;apos;]/div[6]/div[2]/div/ul/li[6]}">
      <![CDATA[org.openqa.selenium.NoSuchElementException: no such element: Unable to locate element: {"method":"xpath","selector":"//section[@id='world-zone-3']/div[6]/div[2]/div/ul/li[6]"}
  (Session info: chrome=73.0.3683.86)
  (Driver info: chromedriver=2.46.628411 (3324f4c8be9ff2f70a05a30ebc72ffb013e1a71e),platform=Mac OS X 10.14.4 x86_64) (WARNING: The server did not provide any stacktrace information)
Command duration or timeout: 0 milliseconds
For documentation on this error, please visit: https://www.seleniumhq.org/exceptions/no_such_element.html
Build info: version: '3.141.59', revision: 'e82be7d358', time: '2018-11-14T08:17:03'
System info: host: 'Mds-MacBook-Air.local', ip: 'fe80:0:0:0:48b:8da:39ba:6af8%en0', os.name: 'Mac OS X', os.arch: 'x86_64', os.version: '10.14.4', java.version: '1.8.0_201'
Driver info: org.openqa.selenium.chrome.ChromeDriver
Capabilities {acceptInsecureCerts: false, acceptSslCerts: false, applicationCacheEnabled: false, browserConnectionEnabled: false, browserName: chrome, chrome: {chromedriverVersion: 2.46.628411 (3324f4c8be9ff2..., userDataDir: /var/folders/5r/blxqt3jn7f9...}, cssSelectorsEnabled: true, databaseEnabled: false, goog:chromeOptions: {debuggerAddress: localhost:50126}, handlesAlerts: true, hasTouchScreen: false, javascriptEnabled: true, locationContextEnabled: true, mobileEmulationEnabled: false, nativeEvents: true, networkConnectionEnabled: false, pageLoadStrategy: normal, platform: MAC, platformName: MAC, proxy: Proxy(), rotatable: false, setWindowRect: true, strictFileInteractability: false, takesHeapSnapshot: true, takesScreenshot: true, timeouts: {implicit: 0, pageLoad: 300000, script: 30000}, unexpectedAlertBehaviour: ignore, unhandledPromptBehavior: ignore, version: 73.0.3683.86, webStorageEnabled: true}
Session ID: 074d33ef94d4e3881b0a5ccd7181f1ef
*** Element info: {Using=xpath, value=//section[@id='world-zone-3']/div[6]/div[2]/div/ul/li[6]}
at org.openqa.selenium.remote.ErrorHandler.createThrowable(ErrorHandler.java:214)
at org.openqa.selenium.remote.ErrorHandler.throwIfResponseFailed(ErrorHandler.java:166)
at org.openqa.selenium.remote.http.JsonHttpResponseCodec.reconstructValue(JsonHttpResponseCodec.java:40)
at org.openqa.selenium.remote.http.AbstractHttpResponseCodec.decode(AbstractHttpResponseCodec.java:80)
at org.openqa.selenium.remote.http.AbstractHttpResponseCodec.decode(AbstractHttpResponseCodec.java:44)
at org.openqa.selenium.remote.HttpCommandExecutor.execute(HttpCommandExecutor.java:158)
at org.openqa.selenium.remote.service.DriverCommandExecutor.execute(DriverCommandExecutor.java:83)
at org.openqa.selenium.remote.RemoteWebDriver.execute(RemoteWebDriver.java:552)
at org.openqa.selenium.remote.RemoteWebDriver.findElement(RemoteWebDriver.java:323)
at org.openqa.selenium.remote.RemoteWebDriver.findElementByXPath(RemoteWebDriver.java:428)
at org.openqa.selenium.By$ByXPath.findElement(By.java:353)
at org.openqa.selenium.remote.RemoteWebDriver.findElement(RemoteWebDriver.java:315)
at org.openqa.selenium.support.pagefactory.DefaultElementLocator.findElement(DefaultElementLocator.java:69)
at org.openqa.selenium.support.pagefactory.internal.LocatingElementHandler.invoke(LocatingElementHandler.java:38)
at com.sun.proxy.$Proxy13.isSelected(Unknown Source)
at cnnworld.CNNWorld.setFeatureSection4(CNNWorld.java:137)
at testcnnworld.TestCNNWorld.testFeatureSection4(TestCNNWorld.java:60)
... Removed 39 stack frames]]>
    </failure>
  </testcase> <!-- testFeatureSection4 -->
  <testcase name="testHeadlines1" time="0.041" classname="testcnnworld.TestCNNWorld"/>
  <testcase name="testHeadlines3" time="0.277" classname="testcnnworld.TestCNNWorld"/>
  <testcase name="testHeadlines4" time="0.524" classname="testcnnworld.TestCNNWorld"/>
  <testcase name="testHeadlines5" time="0.203" classname="testcnnworld.TestCNNWorld"/>
  <testcase name="testHeadlones2" time="0.119" classname="testcnnworld.TestCNNWorld"/>
  <testcase name="testLatestStories" time="0.163" classname="testcnnworld.TestCNNWorld"/>
  <testcase name="testLatestStories11" time="0.208" classname="testcnnworld.TestCNNWorld"/>
  <testcase name="testLatestStories12" time="0.173" classname="testcnnworld.TestCNNWorld"/>
  <testcase name="testLatestStories13" time="0.515" classname="testcnnworld.TestCNNWorld"/>
  <testcase name="testLatestStories2" time="0.017" classname="testcnnworld.TestCNNWorld"/>
  <testcase name="testLatestStories4" time="0.07" classname="testcnnworld.TestCNNWorld"/>
  <testcase name="testLatestStories5" time="0.038" classname="testcnnworld.TestCNNWorld"/>
  <testcase name="testLatestStories6" time="0.106" classname="testcnnworld.TestCNNWorld"/>
  <testcase name="testLatestStories7" time="6.656" classname="testcnnworld.TestCNNWorld"/>
  <testcase name="testLatestStories8" time="0.172" classname="testcnnworld.TestCNNWorld"/>
  <testcase name="testLatestStories9" time="4.718" classname="testcnnworld.TestCNNWorld"/>
  <testcase name="testTopVisibeIMG" time="0.252" classname="testcnnworld.TestCNNWorld"/>
  <testcase name="testCurrentUrl" time="0.116" classname="testcnnuspage.TestCnnUsPage"/>
  <testcase name="testalltextfromUsPage" time="10.083" classname="testcnnuspage.TestCnnUsPage">
    <failure type="org.openqa.selenium.NoSuchElementException" message="no such element: Unable to locate element: {&amp;quot;method&amp;quot;:&amp;quot;css selector&amp;quot;,&amp;quot;selector&amp;quot;:&amp;quot;.cn.cn-list-xs.cn--idx-0.cn-container_DCB8F55B-ECE9-602C-1A45-5919511B4582.cn--expandable.cn--collapsed&amp;quot;}
  (Session info: chrome=73.0.3683.86)
  (Driver info: chromedriver=2.46.628411 (3324f4c8be9ff2f70a05a30ebc72ffb013e1a71e),platform=Mac OS X 10.14.4 x86_64) (WARNING: The server did not provide any stacktrace information)
Command duration or timeout: 0 milliseconds
For documentation on this error, please visit: https://www.seleniumhq.org/exceptions/no_such_element.html
Build info: version: &amp;apos;3.141.59&amp;apos;, revision: &amp;apos;e82be7d358&amp;apos;, time: &amp;apos;2018-11-14T08:17:03&amp;apos;
System info: host: &amp;apos;Mds-MacBook-Air.local&amp;apos;, ip: &amp;apos;fe80:0:0:0:48b:8da:39ba:6af8%en0&amp;apos;, os.name: &amp;apos;Mac OS X&amp;apos;, os.arch: &amp;apos;x86_64&amp;apos;, os.version: &amp;apos;10.14.4&amp;apos;, java.version: &amp;apos;1.8.0_201&amp;apos;
Driver info: org.openqa.selenium.chrome.ChromeDriver
Capabilities {acceptInsecureCerts: false, acceptSslCerts: false, applicationCacheEnabled: false, browserConnectionEnabled: false, browserName: chrome, chrome: {chromedriverVersion: 2.46.628411 (3324f4c8be9ff2..., userDataDir: /var/folders/5r/blxqt3jn7f9...}, cssSelectorsEnabled: true, databaseEnabled: false, goog:chromeOptions: {debuggerAddress: localhost:50890}, handlesAlerts: true, hasTouchScreen: false, javascriptEnabled: true, locationContextEnabled: true, mobileEmulationEnabled: false, nativeEvents: true, networkConnectionEnabled: false, pageLoadStrategy: normal, platform: MAC, platformName: MAC, proxy: Proxy(), rotatable: false, setWindowRect: true, strictFileInteractability: false, takesHeapSnapshot: true, takesScreenshot: true, timeouts: {implicit: 0, pageLoad: 300000, script: 30000}, unexpectedAlertBehaviour: ignore, unhandledPromptBehavior: ignore, version: 73.0.3683.86, webStorageEnabled: true}
Session ID: dcb9afd630fcacb57c2b9bf40f399a64
*** Element info: {Using=css selector, value=.cn.cn-list-xs.cn--idx-0.cn-container_DCB8F55B-ECE9-602C-1A45-5919511B4582.cn--expandable.cn--collapsed}">
      <![CDATA[org.openqa.selenium.NoSuchElementException: no such element: Unable to locate element: {"method":"css selector","selector":".cn.cn-list-xs.cn--idx-0.cn-container_DCB8F55B-ECE9-602C-1A45-5919511B4582.cn--expandable.cn--collapsed"}
  (Session info: chrome=73.0.3683.86)
  (Driver info: chromedriver=2.46.628411 (3324f4c8be9ff2f70a05a30ebc72ffb013e1a71e),platform=Mac OS X 10.14.4 x86_64) (WARNING: The server did not provide any stacktrace information)
Command duration or timeout: 0 milliseconds
For documentation on this error, please visit: https://www.seleniumhq.org/exceptions/no_such_element.html
Build info: version: '3.141.59', revision: 'e82be7d358', time: '2018-11-14T08:17:03'
System info: host: 'Mds-MacBook-Air.local', ip: 'fe80:0:0:0:48b:8da:39ba:6af8%en0', os.name: 'Mac OS X', os.arch: 'x86_64', os.version: '10.14.4', java.version: '1.8.0_201'
Driver info: org.openqa.selenium.chrome.ChromeDriver
Capabilities {acceptInsecureCerts: false, acceptSslCerts: false, applicationCacheEnabled: false, browserConnectionEnabled: false, browserName: chrome, chrome: {chromedriverVersion: 2.46.628411 (3324f4c8be9ff2..., userDataDir: /var/folders/5r/blxqt3jn7f9...}, cssSelectorsEnabled: true, databaseEnabled: false, goog:chromeOptions: {debuggerAddress: localhost:50890}, handlesAlerts: true, hasTouchScreen: false, javascriptEnabled: true, locationContextEnabled: true, mobileEmulationEnabled: false, nativeEvents: true, networkConnectionEnabled: false, pageLoadStrategy: normal, platform: MAC, platformName: MAC, proxy: Proxy(), rotatable: false, setWindowRect: true, strictFileInteractability: false, takesHeapSnapshot: true, takesScreenshot: true, timeouts: {implicit: 0, pageLoad: 300000, script: 30000}, unexpectedAlertBehaviour: ignore, unhandledPromptBehavior: ignore, version: 73.0.3683.86, webStorageEnabled: true}
Session ID: dcb9afd630fcacb57c2b9bf40f399a64
*** Element info: {Using=css selector, value=.cn.cn-list-xs.cn--idx-0.cn-container_DCB8F55B-ECE9-602C-1A45-5919511B4582.cn--expandable.cn--collapsed}
at org.openqa.selenium.remote.ErrorHandler.createThrowable(ErrorHandler.java:214)
at org.openqa.selenium.remote.ErrorHandler.throwIfResponseFailed(ErrorHandler.java:166)
at org.openqa.selenium.remote.http.JsonHttpResponseCodec.reconstructValue(JsonHttpResponseCodec.java:40)
at org.openqa.selenium.remote.http.AbstractHttpResponseCodec.decode(AbstractHttpResponseCodec.java:80)
at org.openqa.selenium.remote.http.AbstractHttpResponseCodec.decode(AbstractHttpResponseCodec.java:44)
at org.openqa.selenium.remote.HttpCommandExecutor.execute(HttpCommandExecutor.java:158)
at org.openqa.selenium.remote.service.DriverCommandExecutor.execute(DriverCommandExecutor.java:83)
at org.openqa.selenium.remote.RemoteWebDriver.execute(RemoteWebDriver.java:552)
at org.openqa.selenium.remote.RemoteWebDriver.findElement(RemoteWebDriver.java:323)
at org.openqa.selenium.remote.RemoteWebDriver.findElementByCssSelector(RemoteWebDriver.java:420)
at org.openqa.selenium.By$ByCssSelector.findElement(By.java:431)
at org.openqa.selenium.remote.RemoteWebDriver.findElement(RemoteWebDriver.java:315)
at org.openqa.selenium.support.pagefactory.DefaultElementLocator.findElement(DefaultElementLocator.java:69)
at org.openqa.selenium.support.pagefactory.internal.LocatingElementHandler.invoke(LocatingElementHandler.java:38)
at com.sun.proxy.$Proxy13.getText(Unknown Source)
at cnnuspage.CnnUsPage.setalltextfromUsPage(CnnUsPage.java:77)
at testcnnuspage.TestCnnUsPage.testalltextfromUsPage(TestCnnUsPage.java:48)
... Removed 39 stack frames]]>
    </failure>
  </testcase> <!-- testalltextfromUsPage -->
  <testcase name="testsetBottomTopics" time="0.084" classname="testcnnuspage.TestCnnUsPage"/>
  <testcase name="testsetImage" time="0.162" classname="testcnnuspage.TestCnnUsPage"/>
  <testcase name="testsetLastImg" time="10.078" classname="testcnnuspage.TestCnnUsPage">
    <failure type="org.openqa.selenium.NoSuchElementException" message="no such element: Unable to locate element: {&amp;quot;method&amp;quot;:&amp;quot;xpath&amp;quot;,&amp;quot;selector&amp;quot;:&amp;quot;//section[@id=&amp;apos;homepage4-zone-7&amp;apos;]/div/div/div/ul/li/article/div/div/a/img&amp;quot;}
  (Session info: chrome=73.0.3683.86)
  (Driver info: chromedriver=2.46.628411 (3324f4c8be9ff2f70a05a30ebc72ffb013e1a71e),platform=Mac OS X 10.14.4 x86_64) (WARNING: The server did not provide any stacktrace information)
Command duration or timeout: 0 milliseconds
For documentation on this error, please visit: https://www.seleniumhq.org/exceptions/no_such_element.html
Build info: version: &amp;apos;3.141.59&amp;apos;, revision: &amp;apos;e82be7d358&amp;apos;, time: &amp;apos;2018-11-14T08:17:03&amp;apos;
System info: host: &amp;apos;Mds-MacBook-Air.local&amp;apos;, ip: &amp;apos;fe80:0:0:0:48b:8da:39ba:6af8%en0&amp;apos;, os.name: &amp;apos;Mac OS X&amp;apos;, os.arch: &amp;apos;x86_64&amp;apos;, os.version: &amp;apos;10.14.4&amp;apos;, java.version: &amp;apos;1.8.0_201&amp;apos;
Driver info: org.openqa.selenium.chrome.ChromeDriver
Capabilities {acceptInsecureCerts: false, acceptSslCerts: false, applicationCacheEnabled: false, browserConnectionEnabled: false, browserName: chrome, chrome: {chromedriverVersion: 2.46.628411 (3324f4c8be9ff2..., userDataDir: /var/folders/5r/blxqt3jn7f9...}, cssSelectorsEnabled: true, databaseEnabled: false, goog:chromeOptions: {debuggerAddress: localhost:50890}, handlesAlerts: true, hasTouchScreen: false, javascriptEnabled: true, locationContextEnabled: true, mobileEmulationEnabled: false, nativeEvents: true, networkConnectionEnabled: false, pageLoadStrategy: normal, platform: MAC, platformName: MAC, proxy: Proxy(), rotatable: false, setWindowRect: true, strictFileInteractability: false, takesHeapSnapshot: true, takesScreenshot: true, timeouts: {implicit: 0, pageLoad: 300000, script: 30000}, unexpectedAlertBehaviour: ignore, unhandledPromptBehavior: ignore, version: 73.0.3683.86, webStorageEnabled: true}
Session ID: dcb9afd630fcacb57c2b9bf40f399a64
*** Element info: {Using=xpath, value=//section[@id=&amp;apos;homepage4-zone-7&amp;apos;]/div/div/div/ul/li/article/div/div/a/img}">
      <![CDATA[org.openqa.selenium.NoSuchElementException: no such element: Unable to locate element: {"method":"xpath","selector":"//section[@id='homepage4-zone-7']/div/div/div/ul/li/article/div/div/a/img"}
  (Session info: chrome=73.0.3683.86)
  (Driver info: chromedriver=2.46.628411 (3324f4c8be9ff2f70a05a30ebc72ffb013e1a71e),platform=Mac OS X 10.14.4 x86_64) (WARNING: The server did not provide any stacktrace information)
Command duration or timeout: 0 milliseconds
For documentation on this error, please visit: https://www.seleniumhq.org/exceptions/no_such_element.html
Build info: version: '3.141.59', revision: 'e82be7d358', time: '2018-11-14T08:17:03'
System info: host: 'Mds-MacBook-Air.local', ip: 'fe80:0:0:0:48b:8da:39ba:6af8%en0', os.name: 'Mac OS X', os.arch: 'x86_64', os.version: '10.14.4', java.version: '1.8.0_201'
Driver info: org.openqa.selenium.chrome.ChromeDriver
Capabilities {acceptInsecureCerts: false, acceptSslCerts: false, applicationCacheEnabled: false, browserConnectionEnabled: false, browserName: chrome, chrome: {chromedriverVersion: 2.46.628411 (3324f4c8be9ff2..., userDataDir: /var/folders/5r/blxqt3jn7f9...}, cssSelectorsEnabled: true, databaseEnabled: false, goog:chromeOptions: {debuggerAddress: localhost:50890}, handlesAlerts: true, hasTouchScreen: false, javascriptEnabled: true, locationContextEnabled: true, mobileEmulationEnabled: false, nativeEvents: true, networkConnectionEnabled: false, pageLoadStrategy: normal, platform: MAC, platformName: MAC, proxy: Proxy(), rotatable: false, setWindowRect: true, strictFileInteractability: false, takesHeapSnapshot: true, takesScreenshot: true, timeouts: {implicit: 0, pageLoad: 300000, script: 30000}, unexpectedAlertBehaviour: ignore, unhandledPromptBehavior: ignore, version: 73.0.3683.86, webStorageEnabled: true}
Session ID: dcb9afd630fcacb57c2b9bf40f399a64
*** Element info: {Using=xpath, value=//section[@id='homepage4-zone-7']/div/div/div/ul/li/article/div/div/a/img}
at org.openqa.selenium.remote.ErrorHandler.createThrowable(ErrorHandler.java:214)
at org.openqa.selenium.remote.ErrorHandler.throwIfResponseFailed(ErrorHandler.java:166)
at org.openqa.selenium.remote.http.JsonHttpResponseCodec.reconstructValue(JsonHttpResponseCodec.java:40)
at org.openqa.selenium.remote.http.AbstractHttpResponseCodec.decode(AbstractHttpResponseCodec.java:80)
at org.openqa.selenium.remote.http.AbstractHttpResponseCodec.decode(AbstractHttpResponseCodec.java:44)
at org.openqa.selenium.remote.HttpCommandExecutor.execute(HttpCommandExecutor.java:158)
at org.openqa.selenium.remote.service.DriverCommandExecutor.execute(DriverCommandExecutor.java:83)
at org.openqa.selenium.remote.RemoteWebDriver.execute(RemoteWebDriver.java:552)
at org.openqa.selenium.remote.RemoteWebDriver.findElement(RemoteWebDriver.java:323)
at org.openqa.selenium.remote.RemoteWebDriver.findElementByXPath(RemoteWebDriver.java:428)
at org.openqa.selenium.By$ByXPath.findElement(By.java:353)
at org.openqa.selenium.remote.RemoteWebDriver.findElement(RemoteWebDriver.java:315)
at org.openqa.selenium.support.pagefactory.DefaultElementLocator.findElement(DefaultElementLocator.java:69)
at org.openqa.selenium.support.pagefactory.internal.LocatingElementHandler.invoke(LocatingElementHandler.java:38)
at com.sun.proxy.$Proxy13.isDisplayed(Unknown Source)
at cnnuspage.CnnUsPage.setLastImg(CnnUsPage.java:85)
at testcnnuspage.TestCnnUsPage.testsetLastImg(TestCnnUsPage.java:52)
... Removed 39 stack frames]]>
    </failure>
  </testcase> <!-- testsetLastImg -->
  <testcase name="testsetStoriestext" time="0.037" classname="testcnnuspage.TestCnnUsPage"/>
  <testcase name="testsetStoriestext1" time="0.237" classname="testcnnuspage.TestCnnUsPage"/>
  <testcase name="testsetTable1stImg" time="10.046" classname="testcnnuspage.TestCnnUsPage">
    <failure type="org.openqa.selenium.NoSuchElementException" message="no such element: Unable to locate element: {&amp;quot;method&amp;quot;:&amp;quot;xpath&amp;quot;,&amp;quot;selector&amp;quot;:&amp;quot;//div[@class=&amp;apos;ad ad--epic ad--tablet&amp;apos;]//following-sibling::ul/a//following-sibling::li/article/div/div/a/img&amp;quot;}
  (Session info: chrome=73.0.3683.86)
  (Driver info: chromedriver=2.46.628411 (3324f4c8be9ff2f70a05a30ebc72ffb013e1a71e),platform=Mac OS X 10.14.4 x86_64) (WARNING: The server did not provide any stacktrace information)
Command duration or timeout: 0 milliseconds
For documentation on this error, please visit: https://www.seleniumhq.org/exceptions/no_such_element.html
Build info: version: &amp;apos;3.141.59&amp;apos;, revision: &amp;apos;e82be7d358&amp;apos;, time: &amp;apos;2018-11-14T08:17:03&amp;apos;
System info: host: &amp;apos;Mds-MacBook-Air.local&amp;apos;, ip: &amp;apos;fe80:0:0:0:48b:8da:39ba:6af8%en0&amp;apos;, os.name: &amp;apos;Mac OS X&amp;apos;, os.arch: &amp;apos;x86_64&amp;apos;, os.version: &amp;apos;10.14.4&amp;apos;, java.version: &amp;apos;1.8.0_201&amp;apos;
Driver info: org.openqa.selenium.chrome.ChromeDriver
Capabilities {acceptInsecureCerts: false, acceptSslCerts: false, applicationCacheEnabled: false, browserConnectionEnabled: false, browserName: chrome, chrome: {chromedriverVersion: 2.46.628411 (3324f4c8be9ff2..., userDataDir: /var/folders/5r/blxqt3jn7f9...}, cssSelectorsEnabled: true, databaseEnabled: false, goog:chromeOptions: {debuggerAddress: localhost:50890}, handlesAlerts: true, hasTouchScreen: false, javascriptEnabled: true, locationContextEnabled: true, mobileEmulationEnabled: false, nativeEvents: true, networkConnectionEnabled: false, pageLoadStrategy: normal, platform: MAC, platformName: MAC, proxy: Proxy(), rotatable: false, setWindowRect: true, strictFileInteractability: false, takesHeapSnapshot: true, takesScreenshot: true, timeouts: {implicit: 0, pageLoad: 300000, script: 30000}, unexpectedAlertBehaviour: ignore, unhandledPromptBehavior: ignore, version: 73.0.3683.86, webStorageEnabled: true}
Session ID: dcb9afd630fcacb57c2b9bf40f399a64
*** Element info: {Using=xpath, value=//div[@class=&amp;apos;ad ad--epic ad--tablet&amp;apos;]//following-sibling::ul/a//following-sibling::li/article/div/div/a/img}">
      <![CDATA[org.openqa.selenium.NoSuchElementException: no such element: Unable to locate element: {"method":"xpath","selector":"//div[@class='ad ad--epic ad--tablet']//following-sibling::ul/a//following-sibling::li/article/div/div/a/img"}
  (Session info: chrome=73.0.3683.86)
  (Driver info: chromedriver=2.46.628411 (3324f4c8be9ff2f70a05a30ebc72ffb013e1a71e),platform=Mac OS X 10.14.4 x86_64) (WARNING: The server did not provide any stacktrace information)
Command duration or timeout: 0 milliseconds
For documentation on this error, please visit: https://www.seleniumhq.org/exceptions/no_such_element.html
Build info: version: '3.141.59', revision: 'e82be7d358', time: '2018-11-14T08:17:03'
System info: host: 'Mds-MacBook-Air.local', ip: 'fe80:0:0:0:48b:8da:39ba:6af8%en0', os.name: 'Mac OS X', os.arch: 'x86_64', os.version: '10.14.4', java.version: '1.8.0_201'
Driver info: org.openqa.selenium.chrome.ChromeDriver
Capabilities {acceptInsecureCerts: false, acceptSslCerts: false, applicationCacheEnabled: false, browserConnectionEnabled: false, browserName: chrome, chrome: {chromedriverVersion: 2.46.628411 (3324f4c8be9ff2..., userDataDir: /var/folders/5r/blxqt3jn7f9...}, cssSelectorsEnabled: true, databaseEnabled: false, goog:chromeOptions: {debuggerAddress: localhost:50890}, handlesAlerts: true, hasTouchScreen: false, javascriptEnabled: true, locationContextEnabled: true, mobileEmulationEnabled: false, nativeEvents: true, networkConnectionEnabled: false, pageLoadStrategy: normal, platform: MAC, platformName: MAC, proxy: Proxy(), rotatable: false, setWindowRect: true, strictFileInteractability: false, takesHeapSnapshot: true, takesScreenshot: true, timeouts: {implicit: 0, pageLoad: 300000, script: 30000}, unexpectedAlertBehaviour: ignore, unhandledPromptBehavior: ignore, version: 73.0.3683.86, webStorageEnabled: true}
Session ID: dcb9afd630fcacb57c2b9bf40f399a64
*** Element info: {Using=xpath, value=//div[@class='ad ad--epic ad--tablet']//following-sibling::ul/a//following-sibling::li/article/div/div/a/img}
at org.openqa.selenium.remote.ErrorHandler.createThrowable(ErrorHandler.java:214)
at org.openqa.selenium.remote.ErrorHandler.throwIfResponseFailed(ErrorHandler.java:166)
at org.openqa.selenium.remote.http.JsonHttpResponseCodec.reconstructValue(JsonHttpResponseCodec.java:40)
at org.openqa.selenium.remote.http.AbstractHttpResponseCodec.decode(AbstractHttpResponseCodec.java:80)
at org.openqa.selenium.remote.http.AbstractHttpResponseCodec.decode(AbstractHttpResponseCodec.java:44)
at org.openqa.selenium.remote.HttpCommandExecutor.execute(HttpCommandExecutor.java:158)
at org.openqa.selenium.remote.service.DriverCommandExecutor.execute(DriverCommandExecutor.java:83)
at org.openqa.selenium.remote.RemoteWebDriver.execute(RemoteWebDriver.java:552)
at org.openqa.selenium.remote.RemoteWebDriver.findElement(RemoteWebDriver.java:323)
at org.openqa.selenium.remote.RemoteWebDriver.findElementByXPath(RemoteWebDriver.java:428)
at org.openqa.selenium.By$ByXPath.findElement(By.java:353)
at org.openqa.selenium.remote.RemoteWebDriver.findElement(RemoteWebDriver.java:315)
at org.openqa.selenium.support.pagefactory.DefaultElementLocator.findElement(DefaultElementLocator.java:69)
at org.openqa.selenium.support.pagefactory.internal.LocatingElementHandler.invoke(LocatingElementHandler.java:38)
at com.sun.proxy.$Proxy13.isDisplayed(Unknown Source)
at cnnuspage.CnnUsPage.setTable1stImg(CnnUsPage.java:55)
at testcnnuspage.TestCnnUsPage.testsetTable1stImg(TestCnnUsPage.java:36)
... Removed 39 stack frames]]>
    </failure>
  </testcase> <!-- testsetTable1stImg -->
  <testcase name="testsetaroundtheUsText" time="4.646" classname="testcnnuspage.TestCnnUsPage"/>
  <testcase name="testsetclickingonfb" time="18.748" classname="testcnnuspage.TestCnnUsPage"/>
  <testcase name="testFromDBsearch" time="43.533" classname="testDBSearch.TestSearch"/>
  <testcase name="clickOnSerchTab" time="0.691" classname="testhompage.TestHomePage"/>
  <testcase name="searchWithSearchIteems" time="11.57" classname="testhompage.TestHomePage"/>
  <testcase name="testAfricaSorce" time="0.184" classname="testhompage.TestHomePage"/>
  <testcase name="testAmericaSource" time="0.064" classname="testhompage.TestHomePage"/>
  <testcase name="testArtSource" time="0.097" classname="testhompage.TestHomePage"/>
  <testcase name="testAsiaSoure" time="0.051" classname="testhompage.TestHomePage"/>
  <testcase name="testBaseBallSource" time="0.099" classname="testhompage.TestHomePage"/>
  <testcase name="testBasketBallSource" time="0.03" classname="testhompage.TestHomePage"/>
  <testcase name="testBottomHome" time="0.024" classname="testhompage.TestHomePage"/>
  <testcase name="testBusinessHeadlinestab" time="0.036" classname="testhompage.TestHomePage"/>
  <testcase name="testCNNFilmSOurce" time="4.822" classname="testhompage.TestHomePage"/>
  <testcase name="testChinaSource" time="0.081" classname="testhompage.TestHomePage"/>
  <testcase name="testCnnLogo" time="0.08" classname="testhompage.TestHomePage"/>
  <testcase name="testCollegeFootballSource" time="0.081" classname="testhompage.TestHomePage"/>
  <testcase name="testCrimeJusticeSource" time="0.052" classname="testhompage.TestHomePage"/>
  <testcase name="testDesignSource" time="0.066" classname="testhompage.TestHomePage"/>
  <testcase name="testDestinationSource" time="8.295" classname="testhompage.TestHomePage"/>
  <testcase name="testDigitalStudio" time="0.492" classname="testhompage.TestHomePage"/>
  <testcase name="testEnargyEnvironmentSource" time="0.173" classname="testhompage.TestHomePage"/>
  <testcase name="testEntertainmentTab" time="0.175" classname="testhompage.TestHomePage"/>
  <testcase name="testEuropeSource" time="0.197" classname="testhompage.TestHomePage"/>
  <testcase name="testExtremeWeather" time="1.188" classname="testhompage.TestHomePage">
    <failure type="org.openqa.selenium.WebDriverException" message="unknown error: Element &amp;lt;li class=&amp;quot;m-footer__list-item&amp;quot;&amp;gt;...&amp;lt;/li&amp;gt; is not clickable at point (121, 640). Other element would receive the click: &amp;lt;p class=&amp;quot;banner-content&amp;quot; id=&amp;quot;alert-box-message&amp;quot;&amp;gt;...&amp;lt;/p&amp;gt;
  (Session info: chrome=73.0.3683.86)
  (Driver info: chromedriver=2.46.628411 (3324f4c8be9ff2f70a05a30ebc72ffb013e1a71e),platform=Mac OS X 10.14.4 x86_64) (WARNING: The server did not provide any stacktrace information)
Command duration or timeout: 0 milliseconds
Build info: version: &amp;apos;3.141.59&amp;apos;, revision: &amp;apos;e82be7d358&amp;apos;, time: &amp;apos;2018-11-14T08:17:03&amp;apos;
System info: host: &amp;apos;Mds-MacBook-Air.local&amp;apos;, ip: &amp;apos;fe80:0:0:0:48b:8da:39ba:6af8%en0&amp;apos;, os.name: &amp;apos;Mac OS X&amp;apos;, os.arch: &amp;apos;x86_64&amp;apos;, os.version: &amp;apos;10.14.4&amp;apos;, java.version: &amp;apos;1.8.0_201&amp;apos;
Driver info: org.openqa.selenium.chrome.ChromeDriver
Capabilities {acceptInsecureCerts: false, acceptSslCerts: false, applicationCacheEnabled: false, browserConnectionEnabled: false, browserName: chrome, chrome: {chromedriverVersion: 2.46.628411 (3324f4c8be9ff2..., userDataDir: /var/folders/5r/blxqt3jn7f9...}, cssSelectorsEnabled: true, databaseEnabled: false, goog:chromeOptions: {debuggerAddress: localhost:52334}, handlesAlerts: true, hasTouchScreen: false, javascriptEnabled: true, locationContextEnabled: true, mobileEmulationEnabled: false, nativeEvents: true, networkConnectionEnabled: false, pageLoadStrategy: normal, platform: MAC, platformName: MAC, proxy: Proxy(), rotatable: false, setWindowRect: true, strictFileInteractability: false, takesHeapSnapshot: true, takesScreenshot: true, timeouts: {implicit: 0, pageLoad: 300000, script: 30000}, unexpectedAlertBehaviour: ignore, unhandledPromptBehavior: ignore, version: 73.0.3683.86, webStorageEnabled: true}
Session ID: 1de54b4844b25a6e5177f87a0db2ea4e">
      <![CDATA[org.openqa.selenium.WebDriverException: unknown error: Element <li class="m-footer__list-item">...</li> is not clickable at point (121, 640). Other element would receive the click: <p class="banner-content" id="alert-box-message">...</p>
  (Session info: chrome=73.0.3683.86)
  (Driver info: chromedriver=2.46.628411 (3324f4c8be9ff2f70a05a30ebc72ffb013e1a71e),platform=Mac OS X 10.14.4 x86_64) (WARNING: The server did not provide any stacktrace information)
Command duration or timeout: 0 milliseconds
Build info: version: '3.141.59', revision: 'e82be7d358', time: '2018-11-14T08:17:03'
System info: host: 'Mds-MacBook-Air.local', ip: 'fe80:0:0:0:48b:8da:39ba:6af8%en0', os.name: 'Mac OS X', os.arch: 'x86_64', os.version: '10.14.4', java.version: '1.8.0_201'
Driver info: org.openqa.selenium.chrome.ChromeDriver
Capabilities {acceptInsecureCerts: false, acceptSslCerts: false, applicationCacheEnabled: false, browserConnectionEnabled: false, browserName: chrome, chrome: {chromedriverVersion: 2.46.628411 (3324f4c8be9ff2..., userDataDir: /var/folders/5r/blxqt3jn7f9...}, cssSelectorsEnabled: true, databaseEnabled: false, goog:chromeOptions: {debuggerAddress: localhost:52334}, handlesAlerts: true, hasTouchScreen: false, javascriptEnabled: true, locationContextEnabled: true, mobileEmulationEnabled: false, nativeEvents: true, networkConnectionEnabled: false, pageLoadStrategy: normal, platform: MAC, platformName: MAC, proxy: Proxy(), rotatable: false, setWindowRect: true, strictFileInteractability: false, takesHeapSnapshot: true, takesScreenshot: true, timeouts: {implicit: 0, pageLoad: 300000, script: 30000}, unexpectedAlertBehaviour: ignore, unhandledPromptBehavior: ignore, version: 73.0.3683.86, webStorageEnabled: true}
Session ID: 1de54b4844b25a6e5177f87a0db2ea4e
at org.openqa.selenium.remote.ErrorHandler.createThrowable(ErrorHandler.java:214)
at org.openqa.selenium.remote.ErrorHandler.throwIfResponseFailed(ErrorHandler.java:166)
at org.openqa.selenium.remote.http.JsonHttpResponseCodec.reconstructValue(JsonHttpResponseCodec.java:40)
at org.openqa.selenium.remote.http.AbstractHttpResponseCodec.decode(AbstractHttpResponseCodec.java:80)
at org.openqa.selenium.remote.http.AbstractHttpResponseCodec.decode(AbstractHttpResponseCodec.java:44)
at org.openqa.selenium.remote.HttpCommandExecutor.execute(HttpCommandExecutor.java:158)
at org.openqa.selenium.remote.service.DriverCommandExecutor.execute(DriverCommandExecutor.java:83)
at org.openqa.selenium.remote.RemoteWebDriver.execute(RemoteWebDriver.java:552)
at org.openqa.selenium.remote.RemoteWebElement.execute(RemoteWebElement.java:285)
at org.openqa.selenium.remote.RemoteWebElement.click(RemoteWebElement.java:84)
at org.openqa.selenium.support.pagefactory.internal.LocatingElementHandler.invoke(LocatingElementHandler.java:51)
at com.sun.proxy.$Proxy13.click(Unknown Source)
at homepage.HomePage.setExtremeWeather(HomePage.java:198)
at testhompage.TestHomePage.testExtremeWeather(TestHomePage.java:44)
... Removed 43 stack frames]]>
    </failure>
  </testcase> <!-- testExtremeWeather -->
  <testcase name="testFactsFirst" time="3.132" classname="testhompage.TestHomePage"/>
  <testcase name="testFashionSource" time="0.042" classname="testhompage.TestHomePage"/>
  <testcase name="testFitnessSource" time="0.322" classname="testhompage.TestHomePage"/>
  <testcase name="testFoodAndDrinks" time="0.041" classname="testhompage.TestHomePage"/>
  <testcase name="testFoodSource" time="10.051" classname="testhompage.TestHomePage"/>
  <testcase name="testHLNSource" time="3.383" classname="testhompage.TestHomePage"/>
  <testcase name="testHealthHeadlinesTab" time="0.059" classname="testhompage.TestHomePage"/>
  <testcase name="testIndiaSource" time="0.097" classname="testhompage.TestHomePage"/>
  <testcase name="testLiveLonger" time="4.356" classname="testhompage.TestHomePage"/>
  <testcase name="testLiveTVTab" time="0.161" classname="testhompage.TestHomePage"/>
  <testcase name="testLuxurySource" time="0.08" classname="testhompage.TestHomePage"/>
  <testcase name="testMenuTab" time="0.229" classname="testhompage.TestHomePage"/>
  <testcase name="testMiddleEastSource" time="0.038" classname="testhompage.TestHomePage"/>
  <testcase name="testOlympicSource" time="0.042" classname="testhompage.TestHomePage"/>
  <testcase name="testOpinionHeadlinesTab" time="0.073" classname="testhompage.TestHomePage"/>
  <testcase name="testOpinionSource" time="0.056" classname="testhompage.TestHomePage"/>
  <testcase name="testPoliticsHeadlines" time="0.048" classname="testhompage.TestHomePage"/>
  <testcase name="testSoccerSource" time="0.047" classname="testhompage.TestHomePage"/>
  <testcase name="testSpaceScince" time="0.113" classname="testhompage.TestHomePage"/>
  <testcase name="testSportsHeadlineTab" time="0.068" classname="testhompage.TestHomePage"/>
  <testcase name="testStyleHeadlineTab" time="0.046" classname="testhompage.TestHomePage"/>
  <testcase name="testSupremeCourtSource" time="0.045" classname="testhompage.TestHomePage"/>
  <testcase name="testTravelHeadlineTab" time="0.072" classname="testhompage.TestHomePage"/>
  <testcase name="testUSEditionTab" time="0.229" classname="testhompage.TestHomePage"/>
  <testcase name="testUsHeadlinesTab" time="0.052" classname="testhompage.TestHomePage"/>
  <testcase name="testVideoHeadlineTab" time="0.231" classname="testhompage.TestHomePage"/>
  <testcase name="testWellnessSource" time="0.035" classname="testhompage.TestHomePage"/>
  <testcase name="testWorldHeadlines" time="0.065" classname="testhompage.TestHomePage"/>
  <testcase name="testWorldNews" time="0.037" classname="testhompage.TestHomePage"/>
  <testcase name="titleMatching" time="0.007" classname="testhompage.TestHomePage"/>
  <testcase name="@AfterSuite generateReport" time="0.0" classname="base.CommonAPI">
    <ignored/>
  </testcase> <!-- @AfterSuite generateReport -->
  <testcase name="@AfterSuite generateReport" time="0.0" classname="base.CommonAPI">
    <ignored/>
  </testcase> <!-- @AfterSuite generateReport -->
  <testcase name="@AfterSuite generateReport" time="0.0" classname="base.CommonAPI">
    <ignored/>
  </testcase> <!-- @AfterSuite generateReport -->
  <testcase name="@AfterSuite generateReport" time="0.0" classname="base.CommonAPI">
    <ignored/>
  </testcase> <!-- @AfterSuite generateReport -->
  <testcase name="@AfterSuite generateReport" time="0.0" classname="base.CommonAPI">
    <ignored/>
  </testcase> <!-- @AfterSuite generateReport -->
  <testcase name="@BeforeSuite extentSetup" time="0.0" classname="base.CommonAPI">
    <ignored/>
  </testcase> <!-- @BeforeSuite extentSetup -->
  <testcase name="@BeforeSuite extentSetup" time="0.0" classname="base.CommonAPI">
    <ignored/>
  </testcase> <!-- @BeforeSuite extentSetup -->
  <testcase name="@BeforeSuite extentSetup" time="0.0" classname="base.CommonAPI">
    <ignored/>
  </testcase> <!-- @BeforeSuite extentSetup -->
  <testcase name="@BeforeSuite extentSetup" time="0.0" classname="base.CommonAPI">
    <ignored/>
  </testcase> <!-- @BeforeSuite extentSetup -->
  <testcase name="@BeforeSuite extentSetup" time="0.0" classname="base.CommonAPI">
    <ignored/>
  </testcase> <!-- @BeforeSuite extentSetup -->
</testsuite> <!-- Command line test -->
