<?xml version="1.0" encoding="UTF-8"?>
<!-- Generated by org.testng.reporters.JUnitReportReporter -->
<testsuite skipped="0" hostname="Mds-MacBook-Air.local" name="testhompage.TestHomePage" tests="52" failures="0" timestamp="29 Mar 2019 04:32:21 GMT" time="220.177" errors="1">
  <testcase name="testSpaceScince" time="3.383" classname="testhompage.TestHomePage"/>
  <testcase name="testArtSource" time="3.278" classname="testhompage.TestHomePage"/>
  <testcase name="testFactsFirst" time="5.711" classname="testhompage.TestHomePage"/>
  <testcase name="testVideoHeadlineTab" time="2.531" classname="testhompage.TestHomePage"/>
  <testcase name="testBasketBallSource" time="4.211" classname="testhompage.TestHomePage"/>
  <testcase name="testUSEditionTab" time="3.479" classname="testhompage.TestHomePage"/>
  <testcase name="testSupremeCourtSource" time="2.868" classname="testhompage.TestHomePage"/>
  <testcase name="testFashionSource" time="3.104" classname="testhompage.TestHomePage"/>
  <testcase name="searchWithSearchIteems" time="15.294" classname="testhompage.TestHomePage"/>
  <testcase name="testChinaSource" time="2.614" classname="testhompage.TestHomePage"/>
  <testcase name="clickOnSerchTab" time="3.866" classname="testhompage.TestHomePage"/>
  <testcase name="testLiveTVTab" time="3.528" classname="testhompage.TestHomePage"/>
  <testcase name="testCNNFilmSOurce" time="8.089" classname="testhompage.TestHomePage"/>
  <testcase name="testOlympicSource" time="4.386" classname="testhompage.TestHomePage"/>
  <testcase name="testFoodSource" time="13.165" classname="testhompage.TestHomePage"/>
  <testcase name="testDigitalStudio" time="2.710" classname="testhompage.TestHomePage"/>
  <testcase name="testHealthHeadlinesTab" time="3.257" classname="testhompage.TestHomePage"/>
  <testcase name="testCollegeFootballSource" time="3.072" classname="testhompage.TestHomePage"/>
  <testcase name="testAfricaSorce" time="3.044" classname="testhompage.TestHomePage"/>
  <testcase name="testEnargyEnvironmentSource" time="3.245" classname="testhompage.TestHomePage"/>
  <testcase name="testFoodAndDrinks" time="3.269" classname="testhompage.TestHomePage"/>
  <testcase name="testIndiaSource" time="3.335" classname="testhompage.TestHomePage"/>
  <testcase name="testHLNSource" time="6.515" classname="testhompage.TestHomePage"/>
  <testcase name="testTravelHeadlineTab" time="3.147" classname="testhompage.TestHomePage"/>
  <testcase name="testDesignSource" time="2.515" classname="testhompage.TestHomePage"/>
  <testcase name="testDestinationSource" time="11.403" classname="testhompage.TestHomePage"/>
  <testcase name="testCrimeJusticeSource" time="3.075" classname="testhompage.TestHomePage"/>
  <testcase name="testFitnessSource" time="3.165" classname="testhompage.TestHomePage"/>
  <testcase name="testAmericaSource" time="3.306" classname="testhompage.TestHomePage"/>
  <testcase name="titleMatching" time="3.399" classname="testhompage.TestHomePage"/>
  <testcase name="testPoliticsHeadlines" time="3.506" classname="testhompage.TestHomePage"/>
  <testcase name="testUsHeadlinesTab" time="3.254" classname="testhompage.TestHomePage"/>
  <testcase name="testMiddleEastSource" time="2.470" classname="testhompage.TestHomePage"/>
  <testcase name="testSportsHeadlineTab" time="2.392" classname="testhompage.TestHomePage"/>
  <testcase name="testEuropeSource" time="3.488" classname="testhompage.TestHomePage"/>
  <testcase name="testWorldHeadlines" time="2.866" classname="testhompage.TestHomePage"/>
  <testcase name="testBusinessHeadlinestab" time="3.252" classname="testhompage.TestHomePage"/>
  <testcase name="testSoccerSource" time="3.158" classname="testhompage.TestHomePage"/>
  <testcase name="testAsiaSoure" time="4.292" classname="testhompage.TestHomePage"/>
  <testcase name="testWellnessSource" time="3.379" classname="testhompage.TestHomePage"/>
  <testcase name="testMenuTab" time="7.287" classname="testhompage.TestHomePage"/>
  <testcase name="testExtremeWeather" time="4.871" classname="testhompage.TestHomePage">
    <error type="org.openqa.selenium.WebDriverException" message="unknown error: Element &lt;li class=&quot;m-footer__list-item&quot;&gt;...&lt;/li&gt; is not clickable at point (121, 640). Other element would receive the click: &lt;p class=&quot;banner-content&quot; id=&quot;alert-box-message&quot;&gt;...&lt;/p&gt;
  (Session info: chrome=73.0.3683.86)
  (Driver info: chromedriver=2.46.628411 (3324f4c8be9ff2f70a05a30ebc72ffb013e1a71e),platform=Mac OS X 10.14.4 x86_64) (WARNING: The server did not provide any stacktrace information)
Command duration or timeout: 0 milliseconds
Build info: version: &#039;3.141.59&#039;, revision: &#039;e82be7d358&#039;, time: &#039;2018-11-14T08:17:03&#039;
System info: host: &#039;Mds-MacBook-Air.local&#039;, ip: &#039;fe80:0:0:0:48b:8da:39ba:6af8%en0&#039;, os.name: &#039;Mac OS X&#039;, os.arch: &#039;x86_64&#039;, os.version: &#039;10.14.4&#039;, java.version: &#039;1.8.0_201&#039;
Driver info: org.openqa.selenium.chrome.ChromeDriver
Capabilities {acceptInsecureCerts: false, acceptSslCerts: false, applicationCacheEnabled: false, browserConnectionEnabled: false, browserName: chrome, chrome: {chromedriverVersion: 2.46.628411 (3324f4c8be9ff2..., userDataDir: /var/folders/5r/blxqt3jn7f9...}, cssSelectorsEnabled: true, databaseEnabled: false, goog:chromeOptions: {debuggerAddress: localhost:52334}, handlesAlerts: true, hasTouchScreen: false, javascriptEnabled: true, locationContextEnabled: true, mobileEmulationEnabled: false, nativeEvents: true, networkConnectionEnabled: false, pageLoadStrategy: normal, platform: MAC, platformName: MAC, proxy: Proxy(), rotatable: false, setWindowRect: true, strictFileInteractability: false, takesHeapSnapshot: true, takesScreenshot: true, timeouts: {implicit: 0, pageLoad: 300000, script: 30000}, unexpectedAlertBehaviour: ignore, unhandledPromptBehavior: ignore, version: 73.0.3683.86, webStorageEnabled: true}
Session ID: 1de54b4844b25a6e5177f87a0db2ea4e">
      <![CDATA[org.openqa.selenium.WebDriverException: unknown error: Element <li class="m-footer__list-item">...</li> is not clickable at point (121, 640). Other element would receive the click: <p class="banner-content" id="alert-box-message">...</p>
  (Session info: chrome=73.0.3683.86)
  (Driver info: chromedriver=2.46.628411 (3324f4c8be9ff2f70a05a30ebc72ffb013e1a71e),platform=Mac OS X 10.14.4 x86_64) (WARNING: The server did not provide any stacktrace information)
Command duration or timeout: 0 milliseconds
Build info: version: '3.141.59', revision: 'e82be7d358', time: '2018-11-14T08:17:03'
System info: host: 'Mds-MacBook-Air.local', ip: 'fe80:0:0:0:48b:8da:39ba:6af8%en0', os.name: 'Mac OS X', os.arch: 'x86_64', os.version: '10.14.4', java.version: '1.8.0_201'
Driver info: org.openqa.selenium.chrome.ChromeDriver
Capabilities {acceptInsecureCerts: false, acceptSslCerts: false, applicationCacheEnabled: false, browserConnectionEnabled: false, browserName: chrome, chrome: {chromedriverVersion: 2.46.628411 (3324f4c8be9ff2..., userDataDir: /var/folders/5r/blxqt3jn7f9...}, cssSelectorsEnabled: true, databaseEnabled: false, goog:chromeOptions: {debuggerAddress: localhost:52334}, handlesAlerts: true, hasTouchScreen: false, javascriptEnabled: true, locationContextEnabled: true, mobileEmulationEnabled: false, nativeEvents: true, networkConnectionEnabled: false, pageLoadStrategy: normal, platform: MAC, platformName: MAC, proxy: Proxy(), rotatable: false, setWindowRect: true, strictFileInteractability: false, takesHeapSnapshot: true, takesScreenshot: true, timeouts: {implicit: 0, pageLoad: 300000, script: 30000}, unexpectedAlertBehaviour: ignore, unhandledPromptBehavior: ignore, version: 73.0.3683.86, webStorageEnabled: true}
Session ID: 1de54b4844b25a6e5177f87a0db2ea4e
at sun.reflect.NativeConstructorAccessorImpl.newInstance0(Native Method)
at sun.reflect.NativeConstructorAccessorImpl.newInstance(NativeConstructorAccessorImpl.java:62)
at sun.reflect.DelegatingConstructorAccessorImpl.newInstance(DelegatingConstructorAccessorImpl.java:45)
at java.lang.reflect.Constructor.newInstance(Constructor.java:423)
at org.openqa.selenium.remote.ErrorHandler.createThrowable(ErrorHandler.java:214)
at org.openqa.selenium.remote.ErrorHandler.throwIfResponseFailed(ErrorHandler.java:166)
at org.openqa.selenium.remote.http.JsonHttpResponseCodec.reconstructValue(JsonHttpResponseCodec.java:40)
at org.openqa.selenium.remote.http.AbstractHttpResponseCodec.decode(AbstractHttpResponseCodec.java:80)
at org.openqa.selenium.remote.http.AbstractHttpResponseCodec.decode(AbstractHttpResponseCodec.java:44)
at org.openqa.selenium.remote.HttpCommandExecutor.execute(HttpCommandExecutor.java:158)
at org.openqa.selenium.remote.service.DriverCommandExecutor.execute(DriverCommandExecutor.java:83)
at org.openqa.selenium.remote.RemoteWebDriver.execute(RemoteWebDriver.java:552)
at org.openqa.selenium.remote.RemoteWebElement.execute(RemoteWebElement.java:285)
at org.openqa.selenium.remote.RemoteWebElement.click(RemoteWebElement.java:84)
at sun.reflect.NativeMethodAccessorImpl.invoke0(Native Method)
at sun.reflect.NativeMethodAccessorImpl.invoke(NativeMethodAccessorImpl.java:62)
at sun.reflect.DelegatingMethodAccessorImpl.invoke(DelegatingMethodAccessorImpl.java:43)
at java.lang.reflect.Method.invoke(Method.java:498)
at org.openqa.selenium.support.pagefactory.internal.LocatingElementHandler.invoke(LocatingElementHandler.java:51)
at com.sun.proxy.$Proxy13.click(Unknown Source)
at homepage.HomePage.setExtremeWeather(HomePage.java:198)
at testhompage.TestHomePage.testExtremeWeather(TestHomePage.java:44)
at sun.reflect.NativeMethodAccessorImpl.invoke0(Native Method)
at sun.reflect.NativeMethodAccessorImpl.invoke(NativeMethodAccessorImpl.java:62)
at sun.reflect.DelegatingMethodAccessorImpl.invoke(DelegatingMethodAccessorImpl.java:43)
at java.lang.reflect.Method.invoke(Method.java:498)
at org.testng.internal.MethodInvocationHelper.invokeMethod(MethodInvocationHelper.java:124)
at org.testng.internal.Invoker.invokeMethod(Invoker.java:583)
at org.testng.internal.Invoker.invokeTestMethod(Invoker.java:719)
at org.testng.internal.Invoker.invokeTestMethods(Invoker.java:989)
at org.testng.internal.TestMethodWorker.invokeTestMethods(TestMethodWorker.java:125)
at org.testng.internal.TestMethodWorker.run(TestMethodWorker.java:109)
at org.testng.TestRunner.privateRun(TestRunner.java:648)
at org.testng.TestRunner.run(TestRunner.java:505)
at org.testng.SuiteRunner.runTest(SuiteRunner.java:455)
at org.testng.SuiteRunner.runSequentially(SuiteRunner.java:450)
at org.testng.SuiteRunner.privateRun(SuiteRunner.java:415)
at org.testng.SuiteRunner.run(SuiteRunner.java:364)
at org.testng.SuiteRunnerWorker.runSuite(SuiteRunnerWorker.java:52)
at org.testng.SuiteRunnerWorker.run(SuiteRunnerWorker.java:84)
at org.testng.TestNG.runSuitesSequentially(TestNG.java:1208)
at org.testng.TestNG.runSuitesLocally(TestNG.java:1137)
at org.testng.TestNG.runSuites(TestNG.java:1049)
at org.testng.TestNG.run(TestNG.java:1017)
at org.apache.maven.surefire.testng.TestNGExecutor.run(TestNGExecutor.java:77)
at org.apache.maven.surefire.testng.TestNGDirectoryTestSuite.executeMulti(TestNGDirectoryTestSuite.java:159)
at org.apache.maven.surefire.testng.TestNGDirectoryTestSuite.execute(TestNGDirectoryTestSuite.java:99)
at org.apache.maven.surefire.testng.TestNGProvider.invoke(TestNGProvider.java:106)
at sun.reflect.NativeMethodAccessorImpl.invoke0(Native Method)
at sun.reflect.NativeMethodAccessorImpl.invoke(NativeMethodAccessorImpl.java:62)
at sun.reflect.DelegatingMethodAccessorImpl.invoke(DelegatingMethodAccessorImpl.java:43)
at java.lang.reflect.Method.invoke(Method.java:498)
at org.apache.maven.surefire.util.ReflectionUtils.invokeMethodWithArray(ReflectionUtils.java:189)
at org.apache.maven.surefire.booter.ProviderFactory$ProviderProxy.invoke(ProviderFactory.java:165)
at org.apache.maven.surefire.booter.ProviderFactory.invokeProvider(ProviderFactory.java:85)
at org.apache.maven.surefire.booter.ForkedBooter.runSuitesInProcess(ForkedBooter.java:115)
at org.apache.maven.surefire.booter.ForkedBooter.main(ForkedBooter.java:75)
]]>
    </error>
  </testcase> <!-- testExtremeWeather -->
  <testcase name="testBaseBallSource" time="2.841" classname="testhompage.TestHomePage"/>
  <testcase name="testLuxurySource" time="3.290" classname="testhompage.TestHomePage"/>
  <testcase name="testWorldNews" time="4.540" classname="testhompage.TestHomePage"/>
  <testcase name="testLiveLonger" time="7.560" classname="testhompage.TestHomePage"/>
  <testcase name="testCnnLogo" time="3.522" classname="testhompage.TestHomePage"/>
  <testcase name="testOpinionSource" time="3.329" classname="testhompage.TestHomePage"/>
  <testcase name="testBottomHome" time="2.587" classname="testhompage.TestHomePage"/>
  <testcase name="testStyleHeadlineTab" time="4.082" classname="testhompage.TestHomePage"/>
  <testcase name="testEntertainmentTab" time="3.457" classname="testhompage.TestHomePage"/>
  <testcase name="testOpinionHeadlinesTab" time="2.790" classname="testhompage.TestHomePage"/>
</testsuite> <!-- testhompage.TestHomePage -->
